# JRE version: OpenJDK Runtime Environment Temurin-17.0.4+8 (17.0.4+8) (build 17.0.4+8)
# Java VM: OpenJDK 64-Bit Server VM Temurin-17.0.4+8 (17.0.4+8, mixed mode, tiered, compressed oops, compressed class ptrs, parallel gc, windows-amd64)
GC Precious Log:
 CPUs: 12 total, 12 available
 Memory: 15308M
 Large Page Support: Disabled
 NUMA Support: Disabled
 Compressed Oops: Enabled (32-bit)
 Alignments: Space 512K, Generation 512K, Heap 2M
 Heap Min Capacity: 100M
 Heap Initial Capacity: 100M
 Heap Max Capacity: 1G
 Pre-touch: Disabled
 Parallel Workers: 10
Heap:
 PSYoungGen      total 4096K, used 2791K [0x00000000eab00000, 0x00000000eb100000, 0x0000000100000000)
  eden space 2048K, 56% used [0x00000000eab00000,0x00000000eac21c68,0x00000000ead00000)
  from space 2048K, 79% used [0x00000000eaf00000,0x00000000eb098000,0x00000000eb100000)
  to   space 2048K, 0% used [0x00000000ead00000,0x00000000ead00000,0x00000000eaf00000)
 ParOldGen       total 113152K, used 95477K [0x00000000c0000000, 0x00000000c6e80000, 0x00000000eab00000)
  object space 113152K, 84% used [0x00000000c0000000,0x00000000c5d3d528,0x00000000c6e80000)
 Metaspace       used 85632K, committed 86720K, reserved 1130496K
  class space    used 8586K, committed 9088K, reserved 1048576K
GC Heap History (20 events):
Event: 45557.180 GC heap before
{Heap before GC invocations=3970 (full 117):
 PSYoungGen      total 2048K, used 2044K [0x00000000eab00000, 0x00000000eb500000, 0x0000000100000000)
  eden space 1536K, 100% used [0x00000000eab00000,0x00000000eac80000,0x00000000eac80000)
  from space 512K, 99% used [0x00000000eb000000,0x00000000eb07f030,0x00000000eb080000)
  to   space 3584K, 0% used [0x00000000eac80000,0x00000000eac80000,0x00000000eb000000)
 ParOldGen       total 113664K, used 106433K [0x00000000c0000000, 0x00000000c6f00000, 0x00000000eab00000)
  object space 113664K, 93% used [0x00000000c0000000,0x00000000c67f0740,0x00000000c6f00000)
 Metaspace       used 85648K, committed 86720K, reserved 1130496K
  class space    used 8588K, committed 9088K, reserved 1048576K
}
Event: 45557.181 GC heap after
{Heap after GC invocations=3970 (full 117):
 PSYoungGen      total 2560K, used 956K [0x00000000eab00000, 0x00000000eb080000, 0x0000000100000000)
  eden space 1536K, 0% used [0x00000000eab00000,0x00000000eab00000,0x00000000eac80000)
  from space 1024K, 93% used [0x00000000eac80000,0x00000000ead6f030,0x00000000ead80000)
  to   space 2048K, 0% used [0x00000000eae80000,0x00000000eae80000,0x00000000eb080000)
 ParOldGen       total 113664K, used 106548K [0x00000000c0000000, 0x00000000c6f00000, 0x00000000eab00000)
  object space 113664K, 93% used [0x00000000c0000000,0x00000000c680d040,0x00000000c6f00000)
 Metaspace       used 85648K, committed 86720K, reserved 1130496K
  class space    used 8588K, committed 9088K, reserved 1048576K
}
Event: 45557.183 GC heap before
{Heap before GC invocations=3971 (full 117):
 PSYoungGen      total 2560K, used 2492K [0x00000000eab00000, 0x00000000eb080000, 0x0000000100000000)
  eden space 1536K, 100% used [0x00000000eab00000,0x00000000eac80000,0x00000000eac80000)
  from space 1024K, 93% used [0x00000000eac80000,0x00000000ead6f030,0x00000000ead80000)
  to   space 2048K, 0% used [0x00000000eae80000,0x00000000eae80000,0x00000000eb080000)
 ParOldGen       total 113664K, used 106548K [0x00000000c0000000, 0x00000000c6f00000, 0x00000000eab00000)
  object space 113664K, 93% used [0x00000000c0000000,0x00000000c680d040,0x00000000c6f00000)
 Metaspace       used 85648K, committed 86720K, reserved 1130496K
  class space    used 8588K, committed 9088K, reserved 1048576K
}
Event: 45557.184 GC heap after
{Heap after GC invocations=3971 (full 117):
 PSYoungGen      total 3584K, used 1632K [0x00000000eab00000, 0x00000000eb100000, 0x0000000100000000)
  eden space 1536K, 0% used [0x00000000eab00000,0x00000000eab00000,0x00000000eac80000)
  from space 2048K, 79% used [0x00000000eae80000,0x00000000eb018000,0x00000000eb080000)
  to   space 2048K, 0% used [0x00000000eac80000,0x00000000eac80000,0x00000000eae80000)
 ParOldGen       total 113664K, used 107432K [0x00000000c0000000, 0x00000000c6f00000, 0x00000000eab00000)
  object space 113664K, 94% used [0x00000000c0000000,0x00000000c68ea070,0x00000000c6f00000)
 Metaspace       used 85648K, committed 86720K, reserved 1130496K
  class space    used 8588K, committed 9088K, reserved 1048576K
}
Event: 45557.188 GC heap before
{Heap before GC invocations=3972 (full 117):
 PSYoungGen      total 3584K, used 3167K [0x00000000eab00000, 0x00000000eb100000, 0x0000000100000000)
  eden space 1536K, 99% used [0x00000000eab00000,0x00000000eac7ff58,0x00000000eac80000)
  from space 2048K, 79% used [0x00000000eae80000,0x00000000eb018000,0x00000000eb080000)
  to   space 2048K, 0% used [0x00000000eac80000,0x00000000eac80000,0x00000000eae80000)
 ParOldGen       total 113664K, used 107432K [0x00000000c0000000, 0x00000000c6f00000, 0x00000000eab00000)
  object space 113664K, 94% used [0x00000000c0000000,0x00000000c68ea070,0x00000000c6f00000)
 Metaspace       used 85648K, committed 86720K, reserved 1130496K
  class space    used 8588K, committed 9088K, reserved 1048576K
}
Event: 45557.191 GC heap after
{Heap after GC invocations=3972 (full 117):
 PSYoungGen      total 3584K, used 1440K [0x00000000eab00000, 0x00000000eb000000, 0x0000000100000000)
  eden space 1536K, 0% used [0x00000000eab00000,0x00000000eab00000,0x00000000eac80000)
  from space 2048K, 70% used [0x00000000eac80000,0x00000000eade8000,0x00000000eae80000)
  to   space 1536K, 0% used [0x00000000eae80000,0x00000000eae80000,0x00000000eb000000)
 ParOldGen       total 113664K, used 109008K [0x00000000c0000000, 0x00000000c6f00000, 0x00000000eab00000)
  object space 113664K, 95% used [0x00000000c0000000,0x00000000c6a74070,0x00000000c6f00000)
 Metaspace       used 85648K, committed 86720K, reserved 1130496K
  class space    used 8588K, committed 9088K, reserved 1048576K
}
Event: 45557.193 GC heap before
{Heap before GC invocations=3973 (full 117):
 PSYoungGen      total 3584K, used 2976K [0x00000000eab00000, 0x00000000eb000000, 0x0000000100000000)
  eden space 1536K, 100% used [0x00000000eab00000,0x00000000eac80000,0x00000000eac80000)
  from space 2048K, 70% used [0x00000000eac80000,0x00000000eade8000,0x00000000eae80000)
  to   space 1536K, 0% used [0x00000000eae80000,0x00000000eae80000,0x00000000eb000000)
 ParOldGen       total 113664K, used 109008K [0x00000000c0000000, 0x00000000c6f00000, 0x00000000eab00000)
  object space 113664K, 95% used [0x00000000c0000000,0x00000000c6a74070,0x00000000c6f00000)
 Metaspace       used 85648K, committed 86720K, reserved 1130496K
  class space    used 8588K, committed 9088K, reserved 1048576K
}
Event: 45557.194 GC heap after
{Heap after GC invocations=3973 (full 117):
 PSYoungGen      total 2048K, used 1532K [0x00000000eab00000, 0x00000000eb400000, 0x0000000100000000)
  eden space 512K, 0% used [0x00000000eab00000,0x00000000eab00000,0x00000000eab80000)
  from space 1536K, 99% used [0x00000000eae80000,0x00000000eafff030,0x00000000eb000000)
  to   space 3072K, 0% used [0x00000000eab80000,0x00000000eab80000,0x00000000eae80000)
 ParOldGen       total 113664K, used 110354K [0x00000000c0000000, 0x00000000c6f00000, 0x00000000eab00000)
  object space 113664K, 97% used [0x00000000c0000000,0x00000000c6bc4970,0x00000000c6f00000)
 Metaspace       used 85648K, committed 86720K, reserved 1130496K
  class space    used 8588K, committed 9088K, reserved 1048576K
}
Event: 45557.195 GC heap before
{Heap before GC invocations=3974 (full 117):
 PSYoungGen      total 2048K, used 2044K [0x00000000eab00000, 0x00000000eb400000, 0x0000000100000000)
  eden space 512K, 100% used [0x00000000eab00000,0x00000000eab80000,0x00000000eab80000)
  from space 1536K, 99% used [0x00000000eae80000,0x00000000eafff030,0x00000000eb000000)
  to   space 3072K, 0% used [0x00000000eab80000,0x00000000eab80000,0x00000000eae80000)
 ParOldGen       total 113664K, used 110354K [0x00000000c0000000, 0x00000000c6f00000, 0x00000000eab00000)
  object space 113664K, 97% used [0x00000000c0000000,0x00000000c6bc4970,0x00000000c6f00000)
 Metaspace       used 85648K, committed 86720K, reserved 1130496K
  class space    used 8588K, committed 9088K, reserved 1048576K
}
Event: 45557.196 GC heap after
{Heap after GC invocations=3974 (full 117):
 PSYoungGen      total 1536K, used 640K [0x00000000eab00000, 0x00000000eaf00000, 0x0000000100000000)
  eden space 512K, 0% used [0x00000000eab00000,0x00000000eab00000,0x00000000eab80000)
  from space 1024K, 62% used [0x00000000eab80000,0x00000000eac20000,0x00000000eac80000)
  to   space 1536K, 0% used [0x00000000ead80000,0x00000000ead80000,0x00000000eaf00000)
 ParOldGen       total 113664K, used 111878K [0x00000000c0000000, 0x00000000c6f00000, 0x00000000eab00000)
  object space 113664K, 98% used [0x00000000c0000000,0x00000000c6d419a0,0x00000000c6f00000)
 Metaspace       used 85648K, committed 86720K, reserved 1130496K
  class space    used 8588K, committed 9088K, reserved 1048576K
}
Event: 45557.197 GC heap before
{Heap before GC invocations=3975 (full 117):
 PSYoungGen      total 1536K, used 1151K [0x00000000eab00000, 0x00000000eaf00000, 0x0000000100000000)
  eden space 512K, 99% used [0x00000000eab00000,0x00000000eab7ffe0,0x00000000eab80000)
  from space 1024K, 62% used [0x00000000eab80000,0x00000000eac20000,0x00000000eac80000)
  to   space 1536K, 0% used [0x00000000ead80000,0x00000000ead80000,0x00000000eaf00000)
 ParOldGen       total 113664K, used 111878K [0x00000000c0000000, 0x00000000c6f00000, 0x00000000eab00000)
  object space 113664K, 98% used [0x00000000c0000000,0x00000000c6d419a0,0x00000000c6f00000)
 Metaspace       used 85648K, committed 86720K, reserved 1130496K
  class space    used 8588K, committed 9088K, reserved 1048576K
}
Event: 45557.198 GC heap after
{Heap after GC invocations=3975 (full 117):
 PSYoungGen      total 2048K, used 640K [0x00000000eab00000, 0x00000000eae80000, 0x0000000100000000)
  eden space 1024K, 0% used [0x00000000eab00000,0x00000000eab00000,0x00000000eac00000)
  from space 1024K, 62% used [0x00000000ead80000,0x00000000eae20000,0x00000000eae80000)
  to   space 1024K, 0% used [0x00000000eac80000,0x00000000eac80000,0x00000000ead80000)
 ParOldGen       total 113664K, used 112406K [0x00000000c0000000, 0x00000000c6f00000, 0x00000000eab00000)
  object space 113664K, 98% used [0x00000000c0000000,0x00000000c6dc59a0,0x00000000c6f00000)
 Metaspace       used 85648K, committed 86720K, reserved 1130496K
  class space    used 8588K, committed 9088K, reserved 1048576K
}
Event: 45557.200 GC heap before
{Heap before GC invocations=3976 (full 117):
 PSYoungGen      total 2048K, used 1663K [0x00000000eab00000, 0x00000000eae80000, 0x0000000100000000)
  eden space 1024K, 99% used [0x00000000eab00000,0x00000000eabffff0,0x00000000eac00000)
  from space 1024K, 62% used [0x00000000ead80000,0x00000000eae20000,0x00000000eae80000)
  to   space 1024K, 0% used [0x00000000eac80000,0x00000000eac80000,0x00000000ead80000)
 ParOldGen       total 113664K, used 112406K [0x00000000c0000000, 0x00000000c6f00000, 0x00000000eab00000)
  object space 113664K, 98% used [0x00000000c0000000,0x00000000c6dc59a0,0x00000000c6f00000)
 Metaspace       used 85648K, committed 86720K, reserved 1130496K
  class space    used 8588K, committed 9088K, reserved 1048576K
}
Event: 45557.201 GC heap after
{Heap after GC invocations=3976 (full 117):
 PSYoungGen      total 2560K, used 1024K [0x00000000eab00000, 0x00000000eb080000, 0x0000000100000000)
  eden space 1536K, 0% used [0x00000000eab00000,0x00000000eab00000,0x00000000eac80000)
  from space 1024K, 100% used [0x00000000eac80000,0x00000000ead80000,0x00000000ead80000)
  to   space 2048K, 0% used [0x00000000eae80000,0x00000000eae80000,0x00000000eb080000)
 ParOldGen       total 113664K, used 112942K [0x00000000c0000000, 0x00000000c6f00000, 0x00000000eab00000)
  object space 113664K, 99% used [0x00000000c0000000,0x00000000c6e4b9a0,0x00000000c6f00000)
 Metaspace       used 85648K, committed 86720K, reserved 1130496K
  class space    used 8588K, committed 9088K, reserved 1048576K
}
Event: 45557.203 GC heap before
{Heap before GC invocations=3977 (full 117):
 PSYoungGen      total 2560K, used 2559K [0x00000000eab00000, 0x00000000eb080000, 0x0000000100000000)
  eden space 1536K, 99% used [0x00000000eab00000,0x00000000eac7ffd8,0x00000000eac80000)
  from space 1024K, 100% used [0x00000000eac80000,0x00000000ead80000,0x00000000ead80000)
  to   space 2048K, 0% used [0x00000000eae80000,0x00000000eae80000,0x00000000eb080000)
 ParOldGen       total 113664K, used 112942K [0x00000000c0000000, 0x00000000c6f00000, 0x00000000eab00000)
  object space 113664K, 99% used [0x00000000c0000000,0x00000000c6e4b9a0,0x00000000c6f00000)
 Metaspace       used 85648K, committed 86720K, reserved 1130496K
  class space    used 8588K, committed 9088K, reserved 1048576K
}
Event: 45557.204 GC heap after
{Heap after GC invocations=3977 (full 117):
 PSYoungGen      total 3584K, used 1628K [0x00000000eab00000, 0x00000000eb100000, 0x0000000100000000)
  eden space 1536K, 0% used [0x00000000eab00000,0x00000000eab00000,0x00000000eac80000)
  from space 2048K, 79% used [0x00000000eae80000,0x00000000eb017030,0x00000000eb080000)
  to   space 2048K, 0% used [0x00000000eac80000,0x00000000eac80000,0x00000000eae80000)
 ParOldGen       total 114176K, used 113942K [0x00000000c0000000, 0x00000000c6f80000, 0x00000000eab00000)
  object space 114176K, 99% used [0x00000000c0000000,0x00000000c6f459a0,0x00000000c6f80000)
 Metaspace       used 85648K, committed 86720K, reserved 1130496K
  class space    used 8588K, committed 9088K, reserved 1048576K
}
Event: 45557.204 GC heap before
{Heap before GC invocations=3978 (full 118):
 PSYoungGen      total 3584K, used 1628K [0x00000000eab00000, 0x00000000eb100000, 0x0000000100000000)
  eden space 1536K, 0% used [0x00000000eab00000,0x00000000eab00000,0x00000000eac80000)
  from space 2048K, 79% used [0x00000000eae80000,0x00000000eb017030,0x00000000eb080000)
  to   space 2048K, 0% used [0x00000000eac80000,0x00000000eac80000,0x00000000eae80000)
 ParOldGen       total 114176K, used 113942K [0x00000000c0000000, 0x00000000c6f80000, 0x00000000eab00000)
  object space 114176K, 99% used [0x00000000c0000000,0x00000000c6f459a0,0x00000000c6f80000)
 Metaspace       used 85648K, committed 86720K, reserved 1130496K
  class space    used 8588K, committed 9088K, reserved 1048576K
}
Event: 45557.410 GC heap after
{Heap after GC invocations=3978 (full 118):
 PSYoungGen      total 3584K, used 0K [0x00000000eab00000, 0x00000000eb100000, 0x0000000100000000)
  eden space 1536K, 0% used [0x00000000eab00000,0x00000000eab00000,0x00000000eac80000)
  from space 2048K, 0% used [0x00000000eac80000,0x00000000eac80000,0x00000000eae80000)
  to   space 2048K, 0% used [0x00000000eaf00000,0x00000000eaf00000,0x00000000eb100000)
 ParOldGen       total 113152K, used 95477K [0x00000000c0000000, 0x00000000c6e80000, 0x00000000eab00000)
  object space 113152K, 84% used [0x00000000c0000000,0x00000000c5d3d528,0x00000000c6e80000)
 Metaspace       used 85632K, committed 86720K, reserved 1130496K
  class space    used 8586K, committed 9088K, reserved 1048576K
}
Event: 45557.437 GC heap before
{Heap before GC invocations=3979 (full 118):
 PSYoungGen      total 3584K, used 1536K [0x00000000eab00000, 0x00000000eb100000, 0x0000000100000000)
  eden space 1536K, 100% used [0x00000000eab00000,0x00000000eac80000,0x00000000eac80000)
  from space 2048K, 0% used [0x00000000eac80000,0x00000000eac80000,0x00000000eae80000)
  to   space 2048K, 0% used [0x00000000eaf00000,0x00000000eaf00000,0x00000000eb100000)
 ParOldGen       total 113152K, used 95477K [0x00000000c0000000, 0x00000000c6e80000, 0x00000000eab00000)
  object space 113152K, 84% used [0x00000000c0000000,0x00000000c5d3d528,0x00000000c6e80000)
 Metaspace       used 85632K, committed 86720K, reserved 1130496K
  class space    used 8586K, committed 9088K, reserved 1048576K
}
Event: 45557.439 GC heap after
{Heap after GC invocations=3979 (full 118):
 PSYoungGen      total 4096K, used 1632K [0x00000000eab00000, 0x00000000eb100000, 0x0000000100000000)
  eden space 2048K, 0% used [0x00000000eab00000,0x00000000eab00000,0x00000000ead00000)
  from space 2048K, 79% used [0x00000000eaf00000,0x00000000eb098000,0x00000000eb100000)
  to   space 2048K, 0% used [0x00000000ead00000,0x00000000ead00000,0x00000000eaf00000)
 ParOldGen       total 113152K, used 95477K [0x00000000c0000000, 0x00000000c6e80000, 0x00000000eab00000)
  object space 113152K, 84% used [0x00000000c0000000,0x00000000c5d3d528,0x00000000c6e80000)
 Metaspace       used 85632K, committed 86720K, reserved 1130496K
  class space    used 8586K, committed 9088K, reserved 1048576K
}

